<?xml version="1.0" encoding="UTF-8"?>
<!-- Generated by org.testng.reporters.JUnitReportReporter -->
<testsuite skipped="0" hostname="WSD080" name="Amazontest.AmazonBase" tests="1" failures="0" timestamp="2020-02-10T14:25:33 IST" time="43.562" errors="0">
  <testcase name="f" time="43.562" classname="Amazontest.AmazonBase"/>
</testsuite> <!-- Amazontest.AmazonBase -->
