<?xml version="1.0" encoding="UTF-8"?>
<!-- Generated by org.testng.reporters.JUnitReportReporter -->
<testsuite skipped="0" hostname="WSD080" name="ptmlogin.PtmBase" tests="1" failures="0" timestamp="2020-02-11T11:27:11 IST" time="31.445" errors="0">
  <testcase name="f" time="31.445" classname="ptmlogin.PtmBase"/>
</testsuite> <!-- ptmlogin.PtmBase -->
