<?xml version="1.0" encoding="UTF-8"?>
<!-- Generated by org.testng.reporters.JUnitReportReporter -->
<testsuite skipped="0" hostname="WSD080" name="testng" tests="1" failures="0" timestamp="2019-11-07T12:03:36 IST" time="0.476" errors="0">
  <testcase name="test" time="0.476" classname="testng"/>
</testsuite> <!-- testng -->
