<?xml version="1.0" encoding="UTF-8"?>
<!-- Generated by org.testng.reporters.JUnitReportReporter -->
<testsuite skipped="0" hostname="WSD080" name="Login.BaseClass" tests="1" failures="0" timestamp="2020-01-27T16:01:33 IST" time="12.923" errors="0">
  <testcase name="setupApplication" time="12.923" classname="Login.BaseClass"/>
</testsuite> <!-- Login.BaseClass -->
