<?xml version="1.0" encoding="UTF-8"?>
<!-- Generated by org.testng.reporters.JUnitReportReporter -->
<testsuite skipped="0" hostname="WSD080" name="seleniumProject.NewTest" tests="1" failures="0" timestamp="2019-10-24T11:40:43 IST" time="12.351" errors="0">
  <testcase name="f" time="12.351" classname="seleniumProject.NewTest"/>
</testsuite> <!-- seleniumProject.NewTest -->
